D:\TESTWC\FLOWDLL\DEBUG\CAXARULE.EXE
D:\TestWC\FlowDLL\Debug\caxaRule.exp
D:\TESTWC\FLOWDLL\DEBUG\CAXARULE.ILK
D:\TestWC\FlowDLL\Debug\caxaRule.lib
D:\TESTWC\FLOWDLL\DEBUG\CAXARULE.PDB
D:\TESTWC\QAPP\QAPP\DEBUG\CAXA.RES
D:\TESTWC\QAPP\QAPP\DEBUG\CAXARULE.EXE.EMBED.MANIFEST
D:\TESTWC\QAPP\QAPP\DEBUG\CAXARULE.EXE.EMBED.MANIFEST.RES
D:\TESTWC\QAPP\QAPP\DEBUG\CAXARULE.EXE.INTERMEDIATE.MANIFEST
D:\TESTWC\QAPP\QAPP\DEBUG\CXCENTRAL.OBJ
D:\TESTWC\QAPP\QAPP\DEBUG\CXDIALOG.OBJ
D:\TESTWC\QAPP\QAPP\DEBUG\CXHELPDIALOG.OBJ
D:\TESTWC\QAPP\QAPP\DEBUG\CXHIGHLIGHTER.OBJ
D:\TESTWC\QAPP\QAPP\DEBUG\CXKNOWLEDGEMANAGER.OBJ
D:\TESTWC\QAPP\QAPP\DEBUG\CXLISTWIDGET.OBJ
D:\TESTWC\QAPP\QAPP\DEBUG\CXMAINWINDOW.OBJ
D:\TESTWC\QAPP\QAPP\DEBUG\CXOBJECTINIT.OBJ
D:\TESTWC\QAPP\QAPP\DEBUG\CXTEXTEDIT.OBJ
D:\TESTWC\QAPP\QAPP\DEBUG\CXTREE.OBJ
D:\TESTWC\QAPP\QAPP\DEBUG\MAIN.OBJ
D:\TESTWC\QAPP\QAPP\DEBUG\MOC_CXCENTRAL.OBJ
D:\TESTWC\QAPP\QAPP\DEBUG\MOC_CXDIALOG.OBJ
D:\TESTWC\QAPP\QAPP\DEBUG\MOC_CXHIGHLIGHTER.OBJ
D:\TESTWC\QAPP\QAPP\DEBUG\MOC_CXKNOWLEDGEMANAGER.OBJ
D:\TESTWC\QAPP\QAPP\DEBUG\MOC_CXLISTWIDGET.OBJ
D:\TESTWC\QAPP\QAPP\DEBUG\MOC_CXMAINWINDOW.OBJ
D:\TESTWC\QAPP\QAPP\DEBUG\MOC_CXTEXTEDIT.OBJ
D:\TESTWC\QAPP\QAPP\DEBUG\MOC_CXTREE.OBJ
D:\TESTWC\QAPP\QAPP\DEBUG\QRC_CAXA.OBJ
D:\TESTWC\QAPP\QAPP\DEBUG\VC100.PDB
D:\TESTWC\QAPP\QAPP\GENERATEDFILES\DEBUG\MOC_CXCENTRAL.CPP
D:\TESTWC\QAPP\QAPP\GENERATEDFILES\DEBUG\MOC_CXDIALOG.CPP
D:\TESTWC\QAPP\QAPP\GENERATEDFILES\DEBUG\MOC_CXHIGHLIGHTER.CPP
D:\TESTWC\QAPP\QAPP\GENERATEDFILES\DEBUG\MOC_CXKNOWLEDGEMANAGER.CPP
D:\TESTWC\QAPP\QAPP\GENERATEDFILES\DEBUG\MOC_CXLISTWIDGET.CPP
D:\TESTWC\QAPP\QAPP\GENERATEDFILES\DEBUG\MOC_CXMAINWINDOW.CPP
D:\TESTWC\QAPP\QAPP\GENERATEDFILES\DEBUG\MOC_CXTEXTEDIT.CPP
D:\TESTWC\QAPP\QAPP\GENERATEDFILES\DEBUG\MOC_CXTREE.CPP
D:\TESTWC\QAPP\QAPP\GENERATEDFILES\QRC_CAXA.CPP
D:\TESTWC\WORKSPACE\DEBUG\CAXARULE.EXE
D:\TestWC\Workspace\Debug\caxaRule.exp
D:\TESTWC\WORKSPACE\DEBUG\CAXARULE.ILK
D:\TestWC\Workspace\Debug\caxaRule.lib
D:\TESTWC\WORKSPACE\DEBUG\CAXARULE.PDB
D:\TESTWC\WORKSPACE\QAPP\QAPP\DEBUG\CAXA.RES
D:\TestWC\Workspace\qapp\qapp\Debug\caxaRule.exe.embed.manifest
D:\TESTWC\WORKSPACE\QAPP\QAPP\DEBUG\CAXARULE.EXE.EMBED.MANIFEST.RES
D:\TESTWC\WORKSPACE\QAPP\QAPP\DEBUG\CAXARULE.EXE.INTERMEDIATE.MANIFEST
D:\TestWC\Workspace\qapp\qapp\Debug\caxaRule.write.1.tlog
D:\TestWC\Workspace\qapp\qapp\Debug\caxaRule_manifest.rc
D:\TestWC\Workspace\qapp\qapp\Debug\cl.command.1.tlog
D:\TestWC\Workspace\qapp\qapp\Debug\CL.read.1.tlog
D:\TestWC\Workspace\qapp\qapp\Debug\CL.write.1.tlog
D:\TestWC\Workspace\qapp\qapp\Debug\custombuild.command.1.tlog
D:\TestWC\Workspace\qapp\qapp\Debug\custombuild.read.1.tlog
D:\TestWC\Workspace\qapp\qapp\Debug\custombuild.write.1.tlog
D:\TESTWC\WORKSPACE\QAPP\QAPP\DEBUG\CXCENTRAL.OBJ
D:\TESTWC\WORKSPACE\QAPP\QAPP\DEBUG\CXDIALOG.OBJ
D:\TESTWC\WORKSPACE\QAPP\QAPP\DEBUG\CXHELPDIALOG.OBJ
D:\TESTWC\WORKSPACE\QAPP\QAPP\DEBUG\CXHIGHLIGHTER.OBJ
D:\TESTWC\WORKSPACE\QAPP\QAPP\DEBUG\CXKNOWLEDGEMANAGER.OBJ
D:\TESTWC\WORKSPACE\QAPP\QAPP\DEBUG\CXLISTWIDGET.OBJ
D:\TESTWC\WORKSPACE\QAPP\QAPP\DEBUG\CXMAINWINDOW.OBJ
D:\TESTWC\WORKSPACE\QAPP\QAPP\DEBUG\CXOBJECTINIT.OBJ
D:\TESTWC\WORKSPACE\QAPP\QAPP\DEBUG\CXTEXTEDIT.OBJ
D:\TESTWC\WORKSPACE\QAPP\QAPP\DEBUG\CXTREE.OBJ
D:\TestWC\Workspace\qapp\qapp\Debug\link.10184.read.1.tlog
D:\TestWC\Workspace\qapp\qapp\Debug\link.10184.write.1.tlog
D:\TestWC\Workspace\qapp\qapp\Debug\link.10184-cvtres.read.1.tlog
D:\TestWC\Workspace\qapp\qapp\Debug\link.10184-cvtres.write.1.tlog
D:\TestWC\Workspace\qapp\qapp\Debug\link.6788.read.1.tlog
D:\TestWC\Workspace\qapp\qapp\Debug\link.6788.write.1.tlog
D:\TestWC\Workspace\qapp\qapp\Debug\link.6788-cvtres.read.1.tlog
D:\TestWC\Workspace\qapp\qapp\Debug\link.6788-cvtres.write.1.tlog
D:\TestWC\Workspace\qapp\qapp\Debug\link.command.1.tlog
D:\TestWC\Workspace\qapp\qapp\Debug\link.read.1.tlog
D:\TestWC\Workspace\qapp\qapp\Debug\link.write.1.tlog
D:\TestWC\Workspace\qapp\qapp\Debug\link-cvtres.read.1.tlog
D:\TestWC\Workspace\qapp\qapp\Debug\link-cvtres.write.1.tlog
D:\TESTWC\WORKSPACE\QAPP\QAPP\DEBUG\MAIN.OBJ
D:\TESTWC\WORKSPACE\QAPP\QAPP\DEBUG\MOC_CXCENTRAL.OBJ
D:\TESTWC\WORKSPACE\QAPP\QAPP\DEBUG\MOC_CXDIALOG.OBJ
D:\TESTWC\WORKSPACE\QAPP\QAPP\DEBUG\MOC_CXHIGHLIGHTER.OBJ
D:\TESTWC\WORKSPACE\QAPP\QAPP\DEBUG\MOC_CXKNOWLEDGEMANAGER.OBJ
D:\TESTWC\WORKSPACE\QAPP\QAPP\DEBUG\MOC_CXLISTWIDGET.OBJ
D:\TESTWC\WORKSPACE\QAPP\QAPP\DEBUG\MOC_CXMAINWINDOW.OBJ
D:\TESTWC\WORKSPACE\QAPP\QAPP\DEBUG\MOC_CXTEXTEDIT.OBJ
D:\TESTWC\WORKSPACE\QAPP\QAPP\DEBUG\MOC_CXTREE.OBJ
D:\TestWC\Workspace\qapp\qapp\Debug\mt.command.1.tlog
D:\TestWC\Workspace\qapp\qapp\Debug\mt.read.1.tlog
D:\TestWC\Workspace\qapp\qapp\Debug\mt.write.1.tlog
D:\TESTWC\WORKSPACE\QAPP\QAPP\DEBUG\QRC_CAXA.OBJ
D:\TestWC\Workspace\qapp\qapp\Debug\rc.command.1.tlog
D:\TestWC\Workspace\qapp\qapp\Debug\rc.read.1.tlog
D:\TestWC\Workspace\qapp\qapp\Debug\rc.write.1.tlog
D:\TESTWC\WORKSPACE\QAPP\QAPP\DEBUG\VC100.PDB
D:\TESTWC\WORKSPACE\QAPP\QAPP\GENERATEDFILES\DEBUG\MOC_CXCENTRAL.CPP
D:\TESTWC\WORKSPACE\QAPP\QAPP\GENERATEDFILES\DEBUG\MOC_CXDIALOG.CPP
D:\TESTWC\WORKSPACE\QAPP\QAPP\GENERATEDFILES\DEBUG\MOC_CXHIGHLIGHTER.CPP
D:\TESTWC\WORKSPACE\QAPP\QAPP\GENERATEDFILES\DEBUG\MOC_CXKNOWLEDGEMANAGER.CPP
D:\TESTWC\WORKSPACE\QAPP\QAPP\GENERATEDFILES\DEBUG\MOC_CXLISTWIDGET.CPP
D:\TESTWC\WORKSPACE\QAPP\QAPP\GENERATEDFILES\DEBUG\MOC_CXMAINWINDOW.CPP
D:\TESTWC\WORKSPACE\QAPP\QAPP\GENERATEDFILES\DEBUG\MOC_CXTEXTEDIT.CPP
D:\TESTWC\WORKSPACE\QAPP\QAPP\GENERATEDFILES\DEBUG\MOC_CXTREE.CPP
D:\TESTWC\WORKSPACE\QAPP\QAPP\GENERATEDFILES\QRC_CAXA.CPP
