..\..\Debug\规则定义工具.ilk
..\..\Debug\规则定义工具.pdb
D:\TESTWC\WORKSPACE\DEBUG\CAXARULE.EXE
D:\TestWC\Workspace\Debug\caxaRule.exp
D:\TESTWC\WORKSPACE\DEBUG\CAXARULE.ILK
D:\TestWC\Workspace\Debug\caxaRule.lib
D:\TESTWC\WORKSPACE\DEBUG\CAXARULE.PDB
D:\TESTWC\WORKSPACE\DEBUG\规则定义工具.EXE
D:\TestWC\Workspace\Debug\规则定义工具.exp
D:\TESTWC\WORKSPACE\DEBUG\规则定义工具.ILK
D:\TestWC\Workspace\Debug\规则定义工具.lib
D:\TESTWC\WORKSPACE\DEBUG\规则定义工具.PDB
D:\TestWC\Workspace\qapp\qapp\..\..\Debug\规则定义工具.exe
D:\TESTWC\WORKSPACE\QAPP\QAPP\DEBUG\CAXA.RES
D:\TESTWC\WORKSPACE\QAPP\QAPP\DEBUG\CAXARULE.EXE.EMBED.MANIFEST
D:\TESTWC\WORKSPACE\QAPP\QAPP\DEBUG\CAXARULE.EXE.EMBED.MANIFEST.RES
D:\TESTWC\WORKSPACE\QAPP\QAPP\DEBUG\CAXARULE.EXE.INTERMEDIATE.MANIFEST
D:\TestWC\Workspace\qapp\qapp\Debug\caxaRule.write.1.tlog
D:\TestWC\Workspace\qapp\qapp\Debug\caxaRule_manifest.rc
D:\TestWC\Workspace\qapp\qapp\Debug\cl.command.1.tlog
D:\TestWC\Workspace\qapp\qapp\Debug\CL.read.1.tlog
D:\TestWC\Workspace\qapp\qapp\Debug\CL.write.1.tlog
D:\TestWC\Workspace\qapp\qapp\Debug\custombuild.command.1.tlog
D:\TestWC\Workspace\qapp\qapp\Debug\custombuild.read.1.tlog
D:\TestWC\Workspace\qapp\qapp\Debug\custombuild.write.1.tlog
D:\TESTWC\WORKSPACE\QAPP\QAPP\DEBUG\CXCENTRAL.OBJ
D:\TESTWC\WORKSPACE\QAPP\QAPP\DEBUG\CXDIALOG.OBJ
D:\TESTWC\WORKSPACE\QAPP\QAPP\DEBUG\CXHELPDIALOG.OBJ
D:\TESTWC\WORKSPACE\QAPP\QAPP\DEBUG\CXHIGHLIGHTER.OBJ
D:\TESTWC\WORKSPACE\QAPP\QAPP\DEBUG\CXKNOWLEDGEMANAGER.OBJ
D:\TESTWC\WORKSPACE\QAPP\QAPP\DEBUG\CXLISTWIDGET.OBJ
D:\TESTWC\WORKSPACE\QAPP\QAPP\DEBUG\CXMAINWINDOW.OBJ
D:\TESTWC\WORKSPACE\QAPP\QAPP\DEBUG\CXOBJECTINIT.OBJ
D:\TESTWC\WORKSPACE\QAPP\QAPP\DEBUG\CXTEXTEDIT.OBJ
D:\TESTWC\WORKSPACE\QAPP\QAPP\DEBUG\CXTREE.OBJ
D:\TestWC\Workspace\qapp\qapp\Debug\link.4856.read.1.tlog
D:\TestWC\Workspace\qapp\qapp\Debug\link.4856.write.1.tlog
D:\TestWC\Workspace\qapp\qapp\Debug\link.4856-cvtres.read.1.tlog
D:\TestWC\Workspace\qapp\qapp\Debug\link.4856-cvtres.write.1.tlog
D:\TestWC\Workspace\qapp\qapp\Debug\link.4868.read.1.tlog
D:\TestWC\Workspace\qapp\qapp\Debug\link.4868.write.1.tlog
D:\TestWC\Workspace\qapp\qapp\Debug\link.4868-cvtres.read.1.tlog
D:\TestWC\Workspace\qapp\qapp\Debug\link.4868-cvtres.write.1.tlog
D:\TestWC\Workspace\qapp\qapp\Debug\link.6224.read.1.tlog
D:\TestWC\Workspace\qapp\qapp\Debug\link.6224.write.1.tlog
D:\TestWC\Workspace\qapp\qapp\Debug\link.6224-cvtres.read.1.tlog
D:\TestWC\Workspace\qapp\qapp\Debug\link.6224-cvtres.write.1.tlog
D:\TestWC\Workspace\qapp\qapp\Debug\link.6284.read.1.tlog
D:\TestWC\Workspace\qapp\qapp\Debug\link.6284.write.1.tlog
D:\TestWC\Workspace\qapp\qapp\Debug\link.6284-cvtres.read.1.tlog
D:\TestWC\Workspace\qapp\qapp\Debug\link.6284-cvtres.write.1.tlog
D:\TestWC\Workspace\qapp\qapp\Debug\link.7204.read.1.tlog
D:\TestWC\Workspace\qapp\qapp\Debug\link.7204.write.1.tlog
D:\TestWC\Workspace\qapp\qapp\Debug\link.7204-cvtres.read.1.tlog
D:\TestWC\Workspace\qapp\qapp\Debug\link.7204-cvtres.write.1.tlog
D:\TestWC\Workspace\qapp\qapp\Debug\link.7240.read.1.tlog
D:\TestWC\Workspace\qapp\qapp\Debug\link.7240.write.1.tlog
D:\TestWC\Workspace\qapp\qapp\Debug\link.7240-cvtres.read.1.tlog
D:\TestWC\Workspace\qapp\qapp\Debug\link.7240-cvtres.write.1.tlog
D:\TestWC\Workspace\qapp\qapp\Debug\link.8092.read.1.tlog
D:\TestWC\Workspace\qapp\qapp\Debug\link.8092.write.1.tlog
D:\TestWC\Workspace\qapp\qapp\Debug\link.8092-cvtres.read.1.tlog
D:\TestWC\Workspace\qapp\qapp\Debug\link.8092-cvtres.write.1.tlog
D:\TestWC\Workspace\qapp\qapp\Debug\link.8704.read.1.tlog
D:\TestWC\Workspace\qapp\qapp\Debug\link.8704.write.1.tlog
D:\TestWC\Workspace\qapp\qapp\Debug\link.8704-cvtres.read.1.tlog
D:\TestWC\Workspace\qapp\qapp\Debug\link.8704-cvtres.write.1.tlog
D:\TestWC\Workspace\qapp\qapp\Debug\link.8796.read.1.tlog
D:\TestWC\Workspace\qapp\qapp\Debug\link.8796.write.1.tlog
D:\TestWC\Workspace\qapp\qapp\Debug\link.8796-cvtres.read.1.tlog
D:\TestWC\Workspace\qapp\qapp\Debug\link.8796-cvtres.write.1.tlog
D:\TestWC\Workspace\qapp\qapp\Debug\link.9160.read.1.tlog
D:\TestWC\Workspace\qapp\qapp\Debug\link.9160.write.1.tlog
D:\TestWC\Workspace\qapp\qapp\Debug\link.9160-cvtres.read.1.tlog
D:\TestWC\Workspace\qapp\qapp\Debug\link.9160-cvtres.write.1.tlog
D:\TestWC\Workspace\qapp\qapp\Debug\link.command.1.tlog
D:\TestWC\Workspace\qapp\qapp\Debug\link.read.1.tlog
D:\TestWC\Workspace\qapp\qapp\Debug\link.write.1.tlog
D:\TestWC\Workspace\qapp\qapp\Debug\link-cvtres.read.1.tlog
D:\TestWC\Workspace\qapp\qapp\Debug\link-cvtres.write.1.tlog
D:\TESTWC\WORKSPACE\QAPP\QAPP\DEBUG\MAIN.OBJ
D:\TESTWC\WORKSPACE\QAPP\QAPP\DEBUG\MOC_CXCENTRAL.OBJ
D:\TESTWC\WORKSPACE\QAPP\QAPP\DEBUG\MOC_CXDIALOG.OBJ
D:\TESTWC\WORKSPACE\QAPP\QAPP\DEBUG\MOC_CXHIGHLIGHTER.OBJ
D:\TESTWC\WORKSPACE\QAPP\QAPP\DEBUG\MOC_CXKNOWLEDGEMANAGER.OBJ
D:\TESTWC\WORKSPACE\QAPP\QAPP\DEBUG\MOC_CXLISTWIDGET.OBJ
D:\TESTWC\WORKSPACE\QAPP\QAPP\DEBUG\MOC_CXMAINWINDOW.OBJ
D:\TESTWC\WORKSPACE\QAPP\QAPP\DEBUG\MOC_CXTEXTEDIT.OBJ
D:\TESTWC\WORKSPACE\QAPP\QAPP\DEBUG\MOC_CXTREE.OBJ
D:\TestWC\Workspace\qapp\qapp\Debug\mt.command.1.tlog
D:\TestWC\Workspace\qapp\qapp\Debug\mt.read.1.tlog
D:\TestWC\Workspace\qapp\qapp\Debug\mt.write.1.tlog
D:\TESTWC\WORKSPACE\QAPP\QAPP\DEBUG\QRC_CAXA.OBJ
D:\TestWC\Workspace\qapp\qapp\Debug\rc.command.1.tlog
D:\TestWC\Workspace\qapp\qapp\Debug\rc.read.1.tlog
D:\TestWC\Workspace\qapp\qapp\Debug\rc.write.1.tlog
D:\TESTWC\WORKSPACE\QAPP\QAPP\DEBUG\VC100.PDB
D:\TESTWC\WORKSPACE\QAPP\QAPP\DEBUG\规则定义工具.EXE.EMBED.MANIFEST
D:\TESTWC\WORKSPACE\QAPP\QAPP\DEBUG\规则定义工具.EXE.EMBED.MANIFEST.RES
D:\TESTWC\WORKSPACE\QAPP\QAPP\DEBUG\规则定义工具.EXE.INTERMEDIATE.MANIFEST
D:\TestWC\Workspace\qapp\qapp\Debug\规则定义工具.write.1.tlog
D:\TestWC\Workspace\qapp\qapp\Debug\规则定义工具_manifest.rc
D:\TESTWC\WORKSPACE\QAPP\QAPP\GENERATEDFILES\DEBUG\MOC_CXCENTRAL.CPP
D:\TESTWC\WORKSPACE\QAPP\QAPP\GENERATEDFILES\DEBUG\MOC_CXDIALOG.CPP
D:\TESTWC\WORKSPACE\QAPP\QAPP\GENERATEDFILES\DEBUG\MOC_CXHIGHLIGHTER.CPP
D:\TESTWC\WORKSPACE\QAPP\QAPP\GENERATEDFILES\DEBUG\MOC_CXKNOWLEDGEMANAGER.CPP
D:\TESTWC\WORKSPACE\QAPP\QAPP\GENERATEDFILES\DEBUG\MOC_CXLISTWIDGET.CPP
D:\TESTWC\WORKSPACE\QAPP\QAPP\GENERATEDFILES\DEBUG\MOC_CXMAINWINDOW.CPP
D:\TESTWC\WORKSPACE\QAPP\QAPP\GENERATEDFILES\DEBUG\MOC_CXTEXTEDIT.CPP
D:\TESTWC\WORKSPACE\QAPP\QAPP\GENERATEDFILES\DEBUG\MOC_CXTREE.CPP
D:\TESTWC\WORKSPACE\QAPP\QAPP\GENERATEDFILES\QRC_CAXA.CPP
