D:\TestWC\Workspace\qapp\qapp\..\..\Release\caxaRule.exe
D:\TESTWC\WORKSPACE\QAPP\QAPP\GENERATEDFILES\QRC_CAXA.CPP
D:\TESTWC\WORKSPACE\QAPP\QAPP\GENERATEDFILES\RELEASE\MOC_CXCENTRAL.CPP
D:\TESTWC\WORKSPACE\QAPP\QAPP\GENERATEDFILES\RELEASE\MOC_CXDIALOG.CPP
D:\TESTWC\WORKSPACE\QAPP\QAPP\GENERATEDFILES\RELEASE\MOC_CXHIGHLIGHTER.CPP
D:\TESTWC\WORKSPACE\QAPP\QAPP\GENERATEDFILES\RELEASE\MOC_CXKNOWLEDGEMANAGER.CPP
D:\TESTWC\WORKSPACE\QAPP\QAPP\GENERATEDFILES\RELEASE\MOC_CXLISTWIDGET.CPP
D:\TESTWC\WORKSPACE\QAPP\QAPP\GENERATEDFILES\RELEASE\MOC_CXMAINWINDOW.CPP
D:\TESTWC\WORKSPACE\QAPP\QAPP\GENERATEDFILES\RELEASE\MOC_CXTEXTEDIT.CPP
D:\TESTWC\WORKSPACE\QAPP\QAPP\GENERATEDFILES\RELEASE\MOC_CXTREE.CPP
D:\TESTWC\WORKSPACE\QAPP\QAPP\RELEASE\CAXA.RES
D:\TESTWC\WORKSPACE\QAPP\QAPP\RELEASE\CAXARULE.EXE.INTERMEDIATE.MANIFEST
D:\TestWC\Workspace\qapp\qapp\Release\caxaRule.write.1.tlog
D:\TestWC\Workspace\qapp\qapp\Release\cl.command.1.tlog
D:\TestWC\Workspace\qapp\qapp\Release\CL.read.1.tlog
D:\TestWC\Workspace\qapp\qapp\Release\CL.write.1.tlog
D:\TestWC\Workspace\qapp\qapp\Release\custombuild.command.1.tlog
D:\TestWC\Workspace\qapp\qapp\Release\custombuild.read.1.tlog
D:\TestWC\Workspace\qapp\qapp\Release\custombuild.write.1.tlog
D:\TESTWC\WORKSPACE\QAPP\QAPP\RELEASE\CXCENTRAL.OBJ
D:\TESTWC\WORKSPACE\QAPP\QAPP\RELEASE\CXDIALOG.OBJ
D:\TESTWC\WORKSPACE\QAPP\QAPP\RELEASE\CXHELPDIALOG.OBJ
D:\TESTWC\WORKSPACE\QAPP\QAPP\RELEASE\CXHIGHLIGHTER.OBJ
D:\TESTWC\WORKSPACE\QAPP\QAPP\RELEASE\CXKNOWLEDGEMANAGER.OBJ
D:\TESTWC\WORKSPACE\QAPP\QAPP\RELEASE\CXLISTWIDGET.OBJ
D:\TESTWC\WORKSPACE\QAPP\QAPP\RELEASE\CXMAINWINDOW.OBJ
D:\TESTWC\WORKSPACE\QAPP\QAPP\RELEASE\CXOBJECTINIT.OBJ
D:\TESTWC\WORKSPACE\QAPP\QAPP\RELEASE\CXTEXTEDIT.OBJ
D:\TESTWC\WORKSPACE\QAPP\QAPP\RELEASE\CXTREE.OBJ
D:\TestWC\Workspace\qapp\qapp\Release\link.command.1.tlog
D:\TestWC\Workspace\qapp\qapp\Release\link.read.1.tlog
D:\TestWC\Workspace\qapp\qapp\Release\link.write.1.tlog
D:\TestWC\Workspace\qapp\qapp\Release\link-cvtres.read.1.tlog
D:\TestWC\Workspace\qapp\qapp\Release\link-cvtres.write.1.tlog
D:\TESTWC\WORKSPACE\QAPP\QAPP\RELEASE\MAIN.OBJ
D:\TESTWC\WORKSPACE\QAPP\QAPP\RELEASE\MOC_CXCENTRAL.OBJ
D:\TESTWC\WORKSPACE\QAPP\QAPP\RELEASE\MOC_CXDIALOG.OBJ
D:\TESTWC\WORKSPACE\QAPP\QAPP\RELEASE\MOC_CXHIGHLIGHTER.OBJ
D:\TESTWC\WORKSPACE\QAPP\QAPP\RELEASE\MOC_CXKNOWLEDGEMANAGER.OBJ
D:\TESTWC\WORKSPACE\QAPP\QAPP\RELEASE\MOC_CXLISTWIDGET.OBJ
D:\TESTWC\WORKSPACE\QAPP\QAPP\RELEASE\MOC_CXMAINWINDOW.OBJ
D:\TESTWC\WORKSPACE\QAPP\QAPP\RELEASE\MOC_CXTEXTEDIT.OBJ
D:\TESTWC\WORKSPACE\QAPP\QAPP\RELEASE\MOC_CXTREE.OBJ
D:\TestWC\Workspace\qapp\qapp\Release\mt.command.1.tlog
D:\TestWC\Workspace\qapp\qapp\Release\mt.read.1.tlog
D:\TestWC\Workspace\qapp\qapp\Release\mt.write.1.tlog
D:\TESTWC\WORKSPACE\QAPP\QAPP\RELEASE\QRC_CAXA.OBJ
D:\TestWC\Workspace\qapp\qapp\Release\rc.command.1.tlog
D:\TestWC\Workspace\qapp\qapp\Release\rc.read.1.tlog
D:\TestWC\Workspace\qapp\qapp\Release\rc.write.1.tlog
D:\TESTWC\WORKSPACE\RELEASE\CAXARULE.EXE
D:\TestWC\Workspace\Release\caxaRule.exp
D:\TestWC\Workspace\Release\caxaRule.lib
